Determining if the pthread_create exist failed with the following output:
Change Dir: /home/yera/ur5_ambf_git/ur5_ws/build/catkin_tools_prebuild/CMakeFiles/CMakeTmp

Run Build Command:"/usr/bin/make" "cmTC_57dee/fast"
/usr/bin/make -f CMakeFiles/cmTC_57dee.dir/build.make CMakeFiles/cmTC_57dee.dir/build
make[1]: Entering directory '/home/yera/ur5_ambf_git/ur5_ws/build/catkin_tools_prebuild/CMakeFiles/CMakeTmp'
Building C object CMakeFiles/cmTC_57dee.dir/CheckSymbolExists.c.o
/usr/bin/cc    -o CMakeFiles/cmTC_57dee.dir/CheckSymbolExists.c.o   -c /home/yera/ur5_ambf_git/ur5_ws/build/catkin_tools_prebuild/CMakeFiles/CMakeTmp/CheckSymbolExists.c
Linking C executable cmTC_57dee
/usr/bin/cmake -E cmake_link_script CMakeFiles/cmTC_57dee.dir/link.txt --verbose=1
/usr/bin/cc      -rdynamic CMakeFiles/cmTC_57dee.dir/CheckSymbolExists.c.o  -o cmTC_57dee 
CMakeFiles/cmTC_57dee.dir/CheckSymbolExists.c.o: In function `main':
CheckSymbolExists.c:(.text+0x1b): undefined reference to `pthread_create'
collect2: error: ld returned 1 exit status
CMakeFiles/cmTC_57dee.dir/build.make:97: recipe for target 'cmTC_57dee' failed
make[1]: *** [cmTC_57dee] Error 1
make[1]: Leaving directory '/home/yera/ur5_ambf_git/ur5_ws/build/catkin_tools_prebuild/CMakeFiles/CMakeTmp'
Makefile:126: recipe for target 'cmTC_57dee/fast' failed
make: *** [cmTC_57dee/fast] Error 2

File /home/yera/ur5_ambf_git/ur5_ws/build/catkin_tools_prebuild/CMakeFiles/CMakeTmp/CheckSymbolExists.c:
/* */
#include <pthread.h>

int main(int argc, char** argv)
{
  (void)argv;
#ifndef pthread_create
  return ((int*)(&pthread_create))[argc];
#else
  (void)argc;
  return 0;
#endif
}

Determining if the function pthread_create exists in the pthreads failed with the following output:
Change Dir: /home/yera/ur5_ambf_git/ur5_ws/build/catkin_tools_prebuild/CMakeFiles/CMakeTmp

Run Build Command:"/usr/bin/make" "cmTC_69028/fast"
/usr/bin/make -f CMakeFiles/cmTC_69028.dir/build.make CMakeFiles/cmTC_69028.dir/build
make[1]: Entering directory '/home/yera/ur5_ambf_git/ur5_ws/build/catkin_tools_prebuild/CMakeFiles/CMakeTmp'
Building C object CMakeFiles/cmTC_69028.dir/CheckFunctionExists.c.o
/usr/bin/cc   -DCHECK_FUNCTION_EXISTS=pthread_create   -o CMakeFiles/cmTC_69028.dir/CheckFunctionExists.c.o   -c /usr/share/cmake-3.10/Modules/CheckFunctionExists.c
Linking C executable cmTC_69028
/usr/bin/cmake -E cmake_link_script CMakeFiles/cmTC_69028.dir/link.txt --verbose=1
/usr/bin/cc  -DCHECK_FUNCTION_EXISTS=pthread_create    -rdynamic CMakeFiles/cmTC_69028.dir/CheckFunctionExists.c.o  -o cmTC_69028 -lpthreads 
/usr/bin/ld: cannot find -lpthreads
collect2: error: ld returned 1 exit status
CMakeFiles/cmTC_69028.dir/build.make:97: recipe for target 'cmTC_69028' failed
make[1]: *** [cmTC_69028] Error 1
make[1]: Leaving directory '/home/yera/ur5_ambf_git/ur5_ws/build/catkin_tools_prebuild/CMakeFiles/CMakeTmp'
Makefile:126: recipe for target 'cmTC_69028/fast' failed
make: *** [cmTC_69028/fast] Error 2


