Not searching for unused variables given on the command line.
[36m--[0m The C compiler identification is GNU 7.5.0
[36m--[0m The CXX compiler identification is GNU 7.5.0
[36m--[0m Check for working C compiler: /usr/bin/cc
[36m--[0m Check for working C compiler: /usr/bin/cc -- works
[36m--[0m Detecting C compiler ABI info
[36m--[0m Detecting C compiler ABI info - done
[36m--[0m Detecting C compile features
[36m--[0m Detecting C compile features - done
[36m--[0m Check for working CXX compiler: /usr/bin/c++
[36m--[0m Check for working CXX compiler: /usr/bin/c++ -- works
[36m--[0m Detecting CXX compiler ABI info
[36m--[0m Detecting CXX compiler ABI info - done
[36m--[0m Detecting CXX compile features
[36m--[0m Detecting CXX compile features - done
[36m--[0m Using CATKIN_DEVEL_PREFIX: /home/yera/ur5_ambf/ur5_ws/devel/.private/dvrk_arms_from_ros
[36m--[0m Using CMAKE_PREFIX_PATH: /home/yera/ur5_ambf/ur5_ws/devel;/home/yera/rsp_workspace/devel;/home/yera/ambf/build/devel;/opt/ros/melodic
[36m--[0m This workspace overlays: /home/yera/ur5_ambf/ur5_ws/devel;/home/yera/rsp_workspace/devel;/home/yera/ambf/build/devel;/opt/ros/melodic
[36m--[0m Found PythonInterp: /usr/bin/python2 (found suitable version "2.7.17", minimum required is "2")
[36m--[0m Using PYTHON_EXECUTABLE: /usr/bin/python2
[36m--[0m Using Debian Python package layout
[36m--[0m Using empy: /usr/bin/empy
[36m--[0m Using CATKIN_ENABLE_TESTING: ON
[36m--[0m Call enable_testing()
[36m--[0m Using CATKIN_TEST_RESULTS_DIR: /home/yera/ur5_ambf/ur5_ws/build/dvrk_arms_from_ros/test_results
[36m--[0m Found gtest sources under '/usr/src/googletest': gtests will be built
[36m--[0m Found gmock sources under '/usr/src/googletest': gmock will be built
[36m--[0m Found PythonInterp: /usr/bin/python2 (found version "2.7.17")
[36m--[0m Looking for pthread.h
[36m--[0m Looking for pthread.h - found
[36m--[0m Looking for pthread_create
[36m--[0m Looking for pthread_create - not found
[36m--[0m Looking for pthread_create in pthreads
[36m--[0m Looking for pthread_create in pthreads - not found
[36m--[0m Looking for pthread_create in pthread
[36m--[0m Looking for pthread_create in pthread - found
[36m--[0m Found Threads: TRUE
[36m--[0m Using Python nosetests: /usr/bin/nosetests-2.7
[36m--[0m catkin 0.7.29
[36m--[0m BUILD_SHARED_LIBS is on
[36m--[0m Could NOT find cisst_ros_crtk (missing: cisst_ros_crtk_DIR)
[36m--[0m Could not find the required component 'cisst_ros_crtk'. The following CMake error indicates that you either need to install the package with the same name or change your environment so that it can be found.
[31m[1mCMake Error[0m at /opt/ros/melodic/share/catkin/cmake/catkinConfig.cmake:83 (find_package):
  Could not find a package configuration file provided by "cisst_ros_crtk"
  with any of the following names:

    cisst_ros_crtkConfig.cmake
    cisst_ros_crtk-config.cmake

  Add the installation prefix of "cisst_ros_crtk" to CMAKE_PREFIX_PATH or set
  "cisst_ros_crtk_DIR" to a directory containing one of the above files.  If
  "cisst_ros_crtk" provides a separate development package or SDK, be sure it
  has been installed.
[36mCall Stack (most recent call first):[0m
  CMakeLists.txt:23 (find_package)


[36m--[0m Configuring incomplete, errors occurred!
See also "/home/yera/ur5_ambf/ur5_ws/build/dvrk_arms_from_ros/CMakeFiles/CMakeOutput.log".
See also "/home/yera/ur5_ambf/ur5_ws/build/dvrk_arms_from_ros/CMakeFiles/CMakeError.log".
