Determining if the pthread_create exist failed with the following output:
Change Dir: /home/yera/ur5_ambf_git/ur5_ws/build/dvrk_model/CMakeFiles/CMakeTmp

Run Build Command:"/usr/bin/make" "cmTC_40ccb/fast"
/usr/bin/make -f CMakeFiles/cmTC_40ccb.dir/build.make CMakeFiles/cmTC_40ccb.dir/build
make[1]: Entering directory '/home/yera/ur5_ambf_git/ur5_ws/build/dvrk_model/CMakeFiles/CMakeTmp'
Building C object CMakeFiles/cmTC_40ccb.dir/CheckSymbolExists.c.o
/usr/bin/cc    -o CMakeFiles/cmTC_40ccb.dir/CheckSymbolExists.c.o   -c /home/yera/ur5_ambf_git/ur5_ws/build/dvrk_model/CMakeFiles/CMakeTmp/CheckSymbolExists.c
Linking C executable cmTC_40ccb
/usr/bin/cmake -E cmake_link_script CMakeFiles/cmTC_40ccb.dir/link.txt --verbose=1
/usr/bin/cc      -rdynamic CMakeFiles/cmTC_40ccb.dir/CheckSymbolExists.c.o  -o cmTC_40ccb 
CMakeFiles/cmTC_40ccb.dir/CheckSymbolExists.c.o: In function `main':
CheckSymbolExists.c:(.text+0x1b): undefined reference to `pthread_create'
collect2: error: ld returned 1 exit status
CMakeFiles/cmTC_40ccb.dir/build.make:97: recipe for target 'cmTC_40ccb' failed
make[1]: *** [cmTC_40ccb] Error 1
make[1]: Leaving directory '/home/yera/ur5_ambf_git/ur5_ws/build/dvrk_model/CMakeFiles/CMakeTmp'
Makefile:126: recipe for target 'cmTC_40ccb/fast' failed
make: *** [cmTC_40ccb/fast] Error 2

File /home/yera/ur5_ambf_git/ur5_ws/build/dvrk_model/CMakeFiles/CMakeTmp/CheckSymbolExists.c:
/* */
#include <pthread.h>

int main(int argc, char** argv)
{
  (void)argv;
#ifndef pthread_create
  return ((int*)(&pthread_create))[argc];
#else
  (void)argc;
  return 0;
#endif
}

Determining if the function pthread_create exists in the pthreads failed with the following output:
Change Dir: /home/yera/ur5_ambf_git/ur5_ws/build/dvrk_model/CMakeFiles/CMakeTmp

Run Build Command:"/usr/bin/make" "cmTC_5117c/fast"
/usr/bin/make -f CMakeFiles/cmTC_5117c.dir/build.make CMakeFiles/cmTC_5117c.dir/build
make[1]: Entering directory '/home/yera/ur5_ambf_git/ur5_ws/build/dvrk_model/CMakeFiles/CMakeTmp'
Building C object CMakeFiles/cmTC_5117c.dir/CheckFunctionExists.c.o
/usr/bin/cc   -DCHECK_FUNCTION_EXISTS=pthread_create   -o CMakeFiles/cmTC_5117c.dir/CheckFunctionExists.c.o   -c /usr/share/cmake-3.10/Modules/CheckFunctionExists.c
Linking C executable cmTC_5117c
/usr/bin/cmake -E cmake_link_script CMakeFiles/cmTC_5117c.dir/link.txt --verbose=1
/usr/bin/cc  -DCHECK_FUNCTION_EXISTS=pthread_create    -rdynamic CMakeFiles/cmTC_5117c.dir/CheckFunctionExists.c.o  -o cmTC_5117c -lpthreads 
/usr/bin/ld: cannot find -lpthreads
collect2: error: ld returned 1 exit status
CMakeFiles/cmTC_5117c.dir/build.make:97: recipe for target 'cmTC_5117c' failed
make[1]: *** [cmTC_5117c] Error 1
make[1]: Leaving directory '/home/yera/ur5_ambf_git/ur5_ws/build/dvrk_model/CMakeFiles/CMakeTmp'
Makefile:126: recipe for target 'cmTC_5117c/fast' failed
make: *** [cmTC_5117c/fast] Error 2


