
 ==============================================================================
 This is ALGENCAN 2.4.0.
 ALGENCAN, an augmented Lagrangian method for nonlinear programming, is part of
 the TANGO Project: Trustable Algorithms for Nonlinear General Optimization.
 See http://www.ime.usp.br/~egbirgin/tango/ for details.
 ==============================================================================

 The optional specification file algencan.dat was not found in the current
 directory (this is not a problem nor an error). The default values for the
 ALGENCAN parameters will be used.

 ALGENCAN PARAMETERS:
 firstde  =                    T
 seconde  =                    F
 truehpr  =                    F
 hptype   =               HAPPRO
 innslvr  =                   TN
 sclsys   =                    F
 skipacc  =                    T
 lsssub   =                 NONE
 sclsub   =                 NONE
 rmfixv   =                    T
 slacks   =                    F
 scale    =                    T
 epsfeas  =           1.0000D-08
 epsopt   =           1.0000D-08
 efacc    =           1.0000D-04
 eoacc    =           1.0000D-04
 iprint   =                   10
 ncomp    =                    6

 Number of variables               :       6
 Number of equality constraints    :       0
 Number of inequality constraints  :       6
 Number of bound constraints       :      12

 Number of removed fixed variables :       0

 Objective function scale factor   : 1.0D+00
 Smallest constraints scale factor : 1.0D+00

 Entry to ALGENCAN.
 Number of variables  :       6
 Number of constraints:       6

out penalt  objective infeas  scaled    scaled infeas norm   |Grad| inner Newton
ite         function  ibilty  obj-funct infeas +compl graLag infeas totit forKKT
  0         2.124D+00 0.D+00  2.124D+00 0.D+00 0.D+00 8.D-01 0.D+00    0   0   0
  1 2.D+01  4.529D-01 0.D+00  4.529D-01 0.D+00 0.D+00 4.D-01 0.D+00   10C  0   0
  2 1.D+01  7.634D-05 0.D+00  7.634D-05 0.D+00 0.D+00 2.D-03 0.D+00   42P  0   0
  3 1.D+01  7.634D-05 0.D+00  7.634D-05 0.D+00 0.D+00 2.D-03 0.D+00 1042M  0   0
  4 1.D+01  7.634D-05 0.D+00  7.634D-05 0.D+00 0.D+00 2.D-03 0.D+00 2042M  0   0
  5 1.D+01  7.634D-05 0.D+00  7.634D-05 0.D+00 0.D+00 2.D-03 0.D+00 3042M  0   0
  6 1.D+01  7.634D-05 0.D+00  7.634D-05 0.D+00 0.D+00 2.D-03 0.D+00 4042M  0   0
  7 1.D+01  7.634D-05 0.D+00  7.634D-05 0.D+00 0.D+00 2.D-03 0.D+00 5042M  0   0
  8 1.D+01  7.634D-05 0.D+00  7.634D-05 0.D+00 0.D+00 2.D-03 0.D+00 6042M  0   0
  9 1.D+01  7.634D-05 0.D+00  7.634D-05 0.D+00 0.D+00 2.D-03 0.D+00 7042M  0   0

out penalt  objective infeas  scaled    scaled infeas norm   |Grad| inner Newton
ite         function  ibilty  obj-funct infeas +compl graLag infeas totit forKKT
 10 1.D+01  7.634D-05 0.D+00  7.634D-05 0.D+00 0.D+00 2.D-03 0.D+00 8042M  0   0
 11 1.D+00  7.634D-05 0.D+00  7.634D-05 0.D+00 0.D+00 2.D-03 0.D+00 9042M  0   0
 12 1.D+00  7.634D-05 0.D+00  7.634D-05 0.D+00 0.D+00 2.D-03 0.D+0010042M  0   0
 13 1.D+00  7.634D-05 0.D+00  7.634D-05 0.D+00 0.D+00 2.D-03 0.D+0011042M  0   0
 14 1.D+00  7.634D-05 0.D+00  7.634D-05 0.D+00 0.D+00 2.D-03 0.D+0012042M  0   0
 15 1.D+00  7.634D-05 0.D+00  7.634D-05 0.D+00 0.D+00 2.D-03 0.D+0013042M  0   0
 16 1.D+00  7.634D-05 0.D+00  7.634D-05 0.D+00 0.D+00 2.D-03 0.D+0014042M  0   0
 17 1.D+00  7.634D-05 0.D+00  7.634D-05 0.D+00 0.D+00 2.D-03 0.D+0015042M  0   0
 18 1.D+00  7.634D-05 0.D+00  7.634D-05 0.D+00 0.D+00 2.D-03 0.D+0016042M  0   0
 19 1.D+00  7.634D-05 0.D+00  7.634D-05 0.D+00 0.D+00 2.D-03 0.D+0017042M  0   0

out penalt  objective infeas  scaled    scaled infeas norm   |Grad| inner Newton
ite         function  ibilty  obj-funct infeas +compl graLag infeas totit forKKT
 20 1.D+00  7.634D-05 0.D+00  7.634D-05 0.D+00 0.D+00 2.D-03 0.D+0018042M  0   0
 21 1.D+00  7.634D-05 0.D+00  7.634D-05 0.D+00 0.D+00 2.D-03 0.D+0019042M  0   0
 22 1.D+00  7.634D-05 0.D+00  7.634D-05 0.D+00 0.D+00 2.D-03 0.D+0020042M  0   0
 23 1.D+00  7.634D-05 0.D+00  7.634D-05 0.D+00 0.D+00 2.D-03 0.D+0021042M  0   0
 24 1.D+00  7.634D-05 0.D+00  7.634D-05 0.D+00 0.D+00 2.D-03 0.D+0022042M  0   0
 25 1.D+00  7.634D-05 0.D+00  7.634D-05 0.D+00 0.D+00 2.D-03 0.D+0023042M  0   0
 26 1.D+00  7.634D-05 0.D+00  7.634D-05 0.D+00 0.D+00 2.D-03 0.D+0024042M  0   0
 27 1.D+00  7.634D-05 0.D+00  7.634D-05 0.D+00 0.D+00 2.D-03 0.D+0025042M  0   0
 28 1.D+00  7.634D-05 0.D+00  7.634D-05 0.D+00 0.D+00 2.D-03 0.D+0026042M  0   0
 29 1.D+00  7.634D-05 0.D+00  7.634D-05 0.D+00 0.D+00 2.D-03 0.D+0027042M  0   0

out penalt  objective infeas  scaled    scaled infeas norm   |Grad| inner Newton
ite         function  ibilty  obj-funct infeas +compl graLag infeas totit forKKT
 30 1.D+00  7.634D-05 0.D+00  7.634D-05 0.D+00 0.D+00 2.D-03 0.D+0028042M  0   0
 31 1.D+00  7.634D-05 0.D+00  7.634D-05 0.D+00 0.D+00 2.D-03 0.D+0029042M  0   0
 32 1.D+00  7.634D-05 0.D+00  7.634D-05 0.D+00 0.D+00 2.D-03 0.D+0030042M  0   0
 33 1.D+00  7.634D-05 0.D+00  7.634D-05 0.D+00 0.D+00 2.D-03 0.D+0031042M  0   0
 34 1.D+00  7.634D-05 0.D+00  7.634D-05 0.D+00 0.D+00 2.D-03 0.D+0032042M  0   0
 35 1.D+00  7.634D-05 0.D+00  7.634D-05 0.D+00 0.D+00 2.D-03 0.D+0033042M  0   0
 36 1.D+00  7.634D-05 0.D+00  7.634D-05 0.D+00 0.D+00 2.D-03 0.D+0034042M  0   0
 37 1.D+00  7.634D-05 0.D+00  7.634D-05 0.D+00 0.D+00 2.D-03 0.D+0035042M  0   0
 38 1.D+00  7.634D-05 0.D+00  7.634D-05 0.D+00 0.D+00 2.D-03 0.D+0036042M  0   0
 39 1.D+00  7.634D-05 0.D+00  7.634D-05 0.D+00 0.D+00 2.D-03 0.D+0037042M  0   0

out penalt  objective infeas  scaled    scaled infeas norm   |Grad| inner Newton
ite         function  ibilty  obj-funct infeas +compl graLag infeas totit forKKT
 40 1.D+00  7.634D-05 0.D+00  7.634D-05 0.D+00 0.D+00 2.D-03 0.D+0038042M  0   0
 41 1.D+00  7.634D-05 0.D+00  7.634D-05 0.D+00 0.D+00 2.D-03 0.D+0039042M  0   0
 42 1.D+00  7.634D-05 0.D+00  7.634D-05 0.D+00 0.D+00 2.D-03 0.D+0040042M  0   0
 43 1.D+00  7.634D-05 0.D+00  7.634D-05 0.D+00 0.D+00 2.D-03 0.D+0041042M  0   0
 44 1.D+00  7.634D-05 0.D+00  7.634D-05 0.D+00 0.D+00 2.D-03 0.D+0042042M  0   0
 45 1.D+00  7.634D-05 0.D+00  7.634D-05 0.D+00 0.D+00 2.D-03 0.D+0043042M  0   0
 46 1.D+00  7.634D-05 0.D+00  7.634D-05 0.D+00 0.D+00 2.D-03 0.D+0044042M  0   0
 47 1.D+00  7.634D-05 0.D+00  7.634D-05 0.D+00 0.D+00 2.D-03 0.D+0045042M  0   0
 48 1.D+00  7.634D-05 0.D+00  7.634D-05 0.D+00 0.D+00 2.D-03 0.D+0046042M  0   0
 49 1.D+00  7.634D-05 0.D+00  7.634D-05 0.D+00 0.D+00 2.D-03 0.D+0047042M  0   0

out penalt  objective infeas  scaled    scaled infeas norm   |Grad| inner Newton
ite         function  ibilty  obj-funct infeas +compl graLag infeas totit forKKT
 50 1.D+00  7.634D-05 0.D+00  7.634D-05 0.D+00 0.D+00 2.D-03 0.D+0048042M  0   0
 51 1.D+00  7.634D-05 0.D+00  7.634D-05 0.D+00 0.D+00 2.D-03 0.D+0049042M  0   0
 52 1.D+00  7.634D-05 0.D+00  7.634D-05 0.D+00 0.D+00 2.D-03 0.D+0050042M  0   0
