                                     ======================
                                        ALPSO 1.1 (Serial)
                                     ======================

Parameters:
-------------------------------------------------------------------------------------------------
Swarmsize           :       40    MaxOuterIters     :      200    Seed:       1651531427.43781996
Cognitive Parameter :    2.000    MaxInnerIters     :        6    Scaling            :          1
Social Parameter    :    1.000    MinInnerIters     :        6    Stopping Criteria  :          1
Initial Weight      :    0.990    DynInnerIters     :        0    Number of Failures :         15
Final Weight        :    0.550    StoppingIters     :        5    Number of Successes:          5

Absolute Tolerance  : 1.00e-02    Number Initial Pos:        0    Neighbourhood Model:      gbest
Relative Tolerance  : 1.00e-02    Initial Velocity  :        1    Neighbourhood Size :         40
Inequality Tolerance: 1.00e-03    Maximum Velocity  :        2    Selfless           :          1
Equality Tolerance  : 1.00e-03    Craziness Velocity: 1.00e-04    Fileout            :          1
Global Distance     : 1.00e-01    Initial Penalty   :     1.00    File Name          :  ALPSO.out
-------------------------------------------------------------------------------------------------


================================================================================

NUMBER OF ITERATIONS: 1

NUMBER OF OBJECTIVE FUNCTION EVALUATIONS: 280

OBJECTIVE FUNCTION VALUE:
	F = 15.5163836231961

EQUALITY CONSTRAINTS VALUES:

INEQUALITY CONSTRAINTS VALUES:
	G(0) = -988.9771408807136
	G(1) = -1008.627880615897
	G(2) = -979.8376402400106
	G(3) = -988.5599671243851
	G(4) = -981.8524152242442
	G(5) = -973.4226282724509

LAGRANGIAN MULTIPLIERS VALUES:
	L(0) = 0
	L(1) = 0
	L(2) = 0
	L(3) = 0
	L(4) = 0
	L(5) = 0

PENALTY FACTOR:
	rp(0) = 1
	rp(1) = 1
	rp(2) = 1
	rp(3) = 1
	rp(4) = 1
	rp(5) = 1

BEST POSITION:
	P(0) = 11.02285911928637		P(1) = -8.627880615897377		P(2) = 20.1623597599894	
	P(3) = 11.44003287561485		P(4) = 18.14758477575586		P(5) = 26.57737172754916	

================================================================================

================================================================================

NUMBER OF ITERATIONS: 2

NUMBER OF OBJECTIVE FUNCTION EVALUATIONS: 520

OBJECTIVE FUNCTION VALUE:
	F = 5.345816538987953

EQUALITY CONSTRAINTS VALUES:

INEQUALITY CONSTRAINTS VALUES:
	G(0) = -992.976189969244
	G(1) = -1001.937089068086
	G(2) = -997.7391465458367
	G(3) = -998.7365560231085
	G(4) = -995.8109561374079
	G(5) = -992.3398806429431

LAGRANGIAN MULTIPLIERS VALUES:
	L(0) = 0
	L(1) = 0
	L(2) = 0
	L(3) = 0
	L(4) = 0
	L(5) = 0

PENALTY FACTOR:
	rp(0) = 1
	rp(1) = 1
	rp(2) = 1
	rp(3) = 1
	rp(4) = 1
	rp(5) = 1

BEST POSITION:
	P(0) = 7.023810030755993		P(1) = -1.937089068085718		P(2) = 2.260853454163324	
	P(3) = 1.263443976891439		P(4) = 4.189043862592108		P(5) = 7.660119357056957	

================================================================================

================================================================================

NUMBER OF ITERATIONS: 3

NUMBER OF OBJECTIVE FUNCTION EVALUATIONS: 760

OBJECTIVE FUNCTION VALUE:
	F = 1.857680368847933

EQUALITY CONSTRAINTS VALUES:

INEQUALITY CONSTRAINTS VALUES:
	G(0) = -995.0871525450679
	G(1) = -1003.895712012059
	G(2) = -996.811170815096
	G(3) = -992.2106113559287
	G(4) = -998.5645378444415
	G(5) = -992.6470011657349

LAGRANGIAN MULTIPLIERS VALUES:
	L(0) = 0
	L(1) = 0
	L(2) = 0
	L(3) = 0
	L(4) = 0
	L(5) = 0

PENALTY FACTOR:
	rp(0) = 1
	rp(1) = 1
	rp(2) = 1
	rp(3) = 1
	rp(4) = 1
	rp(5) = 1

BEST POSITION:
	P(0) = 4.912847454932116		P(1) = -3.895712012059365		P(2) = 3.188829184903939	
	P(3) = 7.789388644071332		P(4) = 1.435462155558476		P(5) = 7.352998834265125	

================================================================================

================================================================================

NUMBER OF ITERATIONS: 4

NUMBER OF OBJECTIVE FUNCTION EVALUATIONS: 1000

OBJECTIVE FUNCTION VALUE:
	F = 1.363560893782862

EQUALITY CONSTRAINTS VALUES:

INEQUALITY CONSTRAINTS VALUES:
	G(0) = -996.6757710024309
	G(1) = -1005.570221445669
	G(2) = -994.3591754343902
	G(3) = -995.6249283761238
	G(4) = -1000.142712819671
	G(5) = -993.7444410855826

LAGRANGIAN MULTIPLIERS VALUES:
	L(0) = 0
	L(1) = 0
	L(2) = 0
	L(3) = 0
	L(4) = 0
	L(5) = 0

PENALTY FACTOR:
	rp(0) = 1
	rp(1) = 1
	rp(2) = 1
	rp(3) = 1
	rp(4) = 1
	rp(5) = 1

BEST POSITION:
	P(0) = 3.324228997569044		P(1) = -5.570221445669291		P(2) = 5.640824565609766	
	P(3) = 4.375071623876195		P(4) = -0.1427128196705561		P(5) = 6.255558914417425	

================================================================================

================================================================================

NUMBER OF ITERATIONS: 5

NUMBER OF OBJECTIVE FUNCTION EVALUATIONS: 1240

OBJECTIVE FUNCTION VALUE:
	F = 1.238942312351694

EQUALITY CONSTRAINTS VALUES:

INEQUALITY CONSTRAINTS VALUES:
	G(0) = -996.7764450512798
	G(1) = -1005.382900513755
	G(2) = -994.2113513376265
	G(3) = -993.1841917332563
	G(4) = -1000.458749954905
	G(5) = -991.7083452891436

LAGRANGIAN MULTIPLIERS VALUES:
	L(0) = 0
	L(1) = 0
	L(2) = 0
	L(3) = 0
	L(4) = 0
	L(5) = 0

PENALTY FACTOR:
	rp(0) = 1
	rp(1) = 1
	rp(2) = 1
	rp(3) = 1
	rp(4) = 1
	rp(5) = 1

BEST POSITION:
	P(0) = 3.223554948720239		P(1) = -5.382900513755041		P(2) = 5.788648662373501	
	P(3) = 6.815808266743723		P(4) = -0.4587499549047179		P(5) = 8.291654710856365	

================================================================================

================================================================================

NUMBER OF ITERATIONS: 6

NUMBER OF OBJECTIVE FUNCTION EVALUATIONS: 1480

OBJECTIVE FUNCTION VALUE:
	F = 0.8317805754280853

EQUALITY CONSTRAINTS VALUES:

INEQUALITY CONSTRAINTS VALUES:
	G(0) = -996.6688735135556
	G(1) = -1004.603188956322
	G(2) = -994.421135505004
	G(3) = -995.2230669715375
	G(4) = -1000.632371742899
	G(5) = -992.9154442579417

LAGRANGIAN MULTIPLIERS VALUES:
	L(0) = 0
	L(1) = 0
	L(2) = 0
	L(3) = 0
	L(4) = 0
	L(5) = 0

PENALTY FACTOR:
	rp(0) = 1
	rp(1) = 1
	rp(2) = 1
	rp(3) = 1
	rp(4) = 1
	rp(5) = 1

BEST POSITION:
	P(0) = 3.331126486444471		P(1) = -4.603188956321941		P(2) = 5.578864494995988	
	P(3) = 4.776933028462549		P(4) = -0.6323717428986977		P(5) = 7.084555742058382	

================================================================================

================================================================================

NUMBER OF ITERATIONS: 7

NUMBER OF OBJECTIVE FUNCTION EVALUATIONS: 1720

OBJECTIVE FUNCTION VALUE:
	F = 0.6768801177714149

EQUALITY CONSTRAINTS VALUES:

INEQUALITY CONSTRAINTS VALUES:
	G(0) = -997.2649327395249
	G(1) = -1004.365630483884
	G(2) = -994.4438918308955
	G(3) = -995.9143137455162
	G(4) = -1001.066837866957
	G(5) = -993.5081239883064

LAGRANGIAN MULTIPLIERS VALUES:
	L(0) = 0
	L(1) = 0
	L(2) = 0
	L(3) = 0
	L(4) = 0
	L(5) = 0

PENALTY FACTOR:
	rp(0) = 1
	rp(1) = 1
	rp(2) = 1
	rp(3) = 1
	rp(4) = 1
	rp(5) = 1

BEST POSITION:
	P(0) = 2.735067260475147		P(1) = -4.365630483883738		P(2) = 5.556108169104543	
	P(3) = 4.085686254483785		P(4) = -1.066837866957092		P(5) = 6.491876011693601	

================================================================================

================================================================================

NUMBER OF ITERATIONS: 8

NUMBER OF OBJECTIVE FUNCTION EVALUATIONS: 1960

OBJECTIVE FUNCTION VALUE:
	F = 0.5036877894367112

EQUALITY CONSTRAINTS VALUES:

INEQUALITY CONSTRAINTS VALUES:
	G(0) = -998.0470850943839
	G(1) = -1004.097432343274
	G(2) = -994.4729832681395
	G(3) = -996.1430243031922
	G(4) = -1001.898393956108
	G(5) = -993.465244272266

LAGRANGIAN MULTIPLIERS VALUES:
	L(0) = 0
	L(1) = 0
	L(2) = 0
	L(3) = 0
	L(4) = 0
	L(5) = 0

PENALTY FACTOR:
	rp(0) = 1
	rp(1) = 1
	rp(2) = 1
	rp(3) = 1
	rp(4) = 1
	rp(5) = 1

BEST POSITION:
	P(0) = 1.95291490561609		P(1) = -4.097432343274432		P(2) = 5.527016731860535	
	P(3) = 3.856975696807769		P(4) = -1.898393956107782		P(5) = 6.534755727734005	

================================================================================

================================================================================

NUMBER OF ITERATIONS: 9

NUMBER OF OBJECTIVE FUNCTION EVALUATIONS: 2200

OBJECTIVE FUNCTION VALUE:
	F = 0.3686275837229948

EQUALITY CONSTRAINTS VALUES:

INEQUALITY CONSTRAINTS VALUES:
	G(0) = -998.4259838671828
	G(1) = -1003.898505881798
	G(2) = -995.0410156969928
	G(3) = -996.1201476090644
	G(4) = -1002.341670480705
	G(5) = -993.701124584969

LAGRANGIAN MULTIPLIERS VALUES:
	L(0) = 0
	L(1) = 0
	L(2) = 0
	L(3) = 0
	L(4) = 0
	L(5) = 0

PENALTY FACTOR:
	rp(0) = 1
	rp(1) = 1
	rp(2) = 1
	rp(3) = 1
	rp(4) = 1
	rp(5) = 1

BEST POSITION:
	P(0) = 1.574016132817186		P(1) = -3.898505881797655		P(2) = 4.958984303007266	
	P(3) = 3.87985239093567		P(4) = -2.341670480704987		P(5) = 6.298875415031066	

================================================================================

================================================================================

NUMBER OF ITERATIONS: 10

NUMBER OF OBJECTIVE FUNCTION EVALUATIONS: 2440

OBJECTIVE FUNCTION VALUE:
	F = 0.3176985288974105

EQUALITY CONSTRAINTS VALUES:

INEQUALITY CONSTRAINTS VALUES:
	G(0) = -998.4057419500165
	G(1) = -1003.901938233817
	G(2) = -995.1763742169873
	G(3) = -996.1125884802658
	G(4) = -1002.297019186268
	G(5) = -993.9293606502883

LAGRANGIAN MULTIPLIERS VALUES:
	L(0) = 0
	L(1) = 0
	L(2) = 0
	L(3) = 0
	L(4) = 0
	L(5) = 0

PENALTY FACTOR:
	rp(0) = 1
	rp(1) = 1
	rp(2) = 1
	rp(3) = 1
	rp(4) = 1
	rp(5) = 1

BEST POSITION:
	P(0) = 1.594258049983476		P(1) = -3.901938233816975		P(2) = 4.823625783012756	
	P(3) = 3.887411519734171		P(4) = -2.297019186267883		P(5) = 6.070639349711638	

================================================================================

================================================================================

NUMBER OF ITERATIONS: 11

NUMBER OF OBJECTIVE FUNCTION EVALUATIONS: 2680

OBJECTIVE FUNCTION VALUE:
	F = 0.2558560024555481

EQUALITY CONSTRAINTS VALUES:

INEQUALITY CONSTRAINTS VALUES:
	G(0) = -998.5959331301012
	G(1) = -1003.755738273076
	G(2) = -995.2292082297437
	G(3) = -996.0689138830496
	G(4) = -1002.473778542215
	G(5) = -993.8165293437453

LAGRANGIAN MULTIPLIERS VALUES:
	L(0) = 0
	L(1) = 0
	L(2) = 0
	L(3) = 0
	L(4) = 0
	L(5) = 0

PENALTY FACTOR:
	rp(0) = 1
	rp(1) = 1
	rp(2) = 1
	rp(3) = 1
	rp(4) = 1
	rp(5) = 1

BEST POSITION:
	P(0) = 1.404066869898787		P(1) = -3.755738273076135		P(2) = 4.77079177025635	
	P(3) = 3.931086116950438		P(4) = -2.473778542214669		P(5) = 6.183470656254708	

================================================================================

================================================================================

NUMBER OF ITERATIONS: 12

NUMBER OF OBJECTIVE FUNCTION EVALUATIONS: 2920

OBJECTIVE FUNCTION VALUE:
	F = 0.1784179231912764

EQUALITY CONSTRAINTS VALUES:

INEQUALITY CONSTRAINTS VALUES:
	G(0) = -998.707206611847
	G(1) = -1003.71009118481
	G(2) = -995.4683189531214
	G(3) = -995.9387661084372
	G(4) = -1002.559065204049
	G(5) = -994.0029264894523

LAGRANGIAN MULTIPLIERS VALUES:
	L(0) = 0
	L(1) = 0
	L(2) = 0
	L(3) = 0
	L(4) = 0
	L(5) = 0

PENALTY FACTOR:
	rp(0) = 1
	rp(1) = 1
	rp(2) = 1
	rp(3) = 1
	rp(4) = 1
	rp(5) = 1

BEST POSITION:
	P(0) = 1.292793388152982		P(1) = -3.710091184810469		P(2) = 4.531681046878598	
	P(3) = 4.061233891562757		P(4) = -2.559065204049513		P(5) = 5.997073510547646	

================================================================================

================================================================================

NUMBER OF ITERATIONS: 13

NUMBER OF OBJECTIVE FUNCTION EVALUATIONS: 3160

OBJECTIVE FUNCTION VALUE:
	F = 0.1589379502606421

EQUALITY CONSTRAINTS VALUES:

INEQUALITY CONSTRAINTS VALUES:
	G(0) = -998.7989584036013
	G(1) = -1003.605163973339
	G(2) = -995.6488629292717
	G(3) = -995.9337042844434
	G(4) = -1002.607144108464
	G(5) = -994.073400152055

LAGRANGIAN MULTIPLIERS VALUES:
	L(0) = 0
	L(1) = 0
	L(2) = 0
	L(3) = 0
	L(4) = 0
	L(5) = 0

PENALTY FACTOR:
	rp(0) = 1
	rp(1) = 1
	rp(2) = 1
	rp(3) = 1
	rp(4) = 1
	rp(5) = 1

BEST POSITION:
	P(0) = 1.2010415963987		P(1) = -3.605163973338614		P(2) = 4.351137070728375	
	P(3) = 4.066295715556629		P(4) = -2.607144108463673		P(5) = 5.926599847945015	

================================================================================

================================================================================

NUMBER OF ITERATIONS: 14

NUMBER OF OBJECTIVE FUNCTION EVALUATIONS: 3400

OBJECTIVE FUNCTION VALUE:
	F = 0.07277012259305315

EQUALITY CONSTRAINTS VALUES:

INEQUALITY CONSTRAINTS VALUES:
	G(0) = -999.0820214905001
	G(1) = -1003.421971162464
	G(2) = -995.7533377895816
	G(3) = -996.0848286352146
	G(4) = -1002.928199718796
	G(5) = -994.1252681577538

LAGRANGIAN MULTIPLIERS VALUES:
	L(0) = 0
	L(1) = 0
	L(2) = 0
	L(3) = 0
	L(4) = 0
	L(5) = 0

PENALTY FACTOR:
	rp(0) = 1
	rp(1) = 1
	rp(2) = 1
	rp(3) = 1
	rp(4) = 1
	rp(5) = 1

BEST POSITION:
	P(0) = 0.9179785094998737		P(1) = -3.421971162464441		P(2) = 4.246662210418417	
	P(3) = 3.915171364785371		P(4) = -2.928199718795676		P(5) = 5.874731842246246	

================================================================================

================================================================================

NUMBER OF ITERATIONS: 15

NUMBER OF OBJECTIVE FUNCTION EVALUATIONS: 3640

OBJECTIVE FUNCTION VALUE:
	F = 0.04902721522588985

EQUALITY CONSTRAINTS VALUES:

INEQUALITY CONSTRAINTS VALUES:
	G(0) = -999.1590016381014
	G(1) = -1003.420521411957
	G(2) = -995.7389958419233
	G(3) = -996.0801200253034
	G(4) = -1003.01765850602
	G(5) = -994.1492411627968

LAGRANGIAN MULTIPLIERS VALUES:
	L(0) = 0
	L(1) = 0
	L(2) = 0
	L(3) = 0
	L(4) = 0
	L(5) = 0

PENALTY FACTOR:
	rp(0) = 1
	rp(1) = 1
	rp(2) = 1
	rp(3) = 1
	rp(4) = 1
	rp(5) = 1

BEST POSITION:
	P(0) = 0.8409983618986692		P(1) = -3.420521411957012		P(2) = 4.261004158076727	
	P(3) = 3.919879974696678		P(4) = -3.017658506019977		P(5) = 5.850758837203177	

================================================================================

================================================================================

NUMBER OF ITERATIONS: 16

NUMBER OF OBJECTIVE FUNCTION EVALUATIONS: 3880

OBJECTIVE FUNCTION VALUE:
	F = 0.04187099738717606

EQUALITY CONSTRAINTS VALUES:

INEQUALITY CONSTRAINTS VALUES:
	G(0) = -999.150767586304
	G(1) = -1003.390602369684
	G(2) = -995.7487585616097
	G(3) = -996.109558510931
	G(4) = -1003.012865319124
	G(5) = -994.1701886396924

LAGRANGIAN MULTIPLIERS VALUES:
	L(0) = 0
	L(1) = 0
	L(2) = 0
	L(3) = 0
	L(4) = 0
	L(5) = 0

PENALTY FACTOR:
	rp(0) = 1
	rp(1) = 1
	rp(2) = 1
	rp(3) = 1
	rp(4) = 1
	rp(5) = 1

BEST POSITION:
	P(0) = 0.8492324136959858		P(1) = -3.39060236968443		P(2) = 4.251241438390216	
	P(3) = 3.89044148906895		P(4) = -3.012865319123653		P(5) = 5.829811360307661	

================================================================================

================================================================================

NUMBER OF ITERATIONS: 17

NUMBER OF OBJECTIVE FUNCTION EVALUATIONS: 4120

OBJECTIVE FUNCTION VALUE:
	F = 0.0410079052792725

EQUALITY CONSTRAINTS VALUES:

INEQUALITY CONSTRAINTS VALUES:
	G(0) = -999.1550959619278
	G(1) = -1003.393022510955
	G(2) = -995.7762714844059
	G(3) = -996.1004418450649
	G(4) = -1003.006910943921
	G(5) = -994.1818018774405

LAGRANGIAN MULTIPLIERS VALUES:
	L(0) = 0
	L(1) = 0
	L(2) = 0
	L(3) = 0
	L(4) = 0
	L(5) = 0

PENALTY FACTOR:
	rp(0) = 1
	rp(1) = 1
	rp(2) = 1
	rp(3) = 1
	rp(4) = 1
	rp(5) = 1

BEST POSITION:
	P(0) = 0.8449040380721424		P(1) = -3.393022510955092		P(2) = 4.223728515594037	
	P(3) = 3.899558154935162		P(4) = -3.006910943920461		P(5) = 5.818198122559507	

================================================================================

================================================================================

NUMBER OF ITERATIONS: 18

NUMBER OF OBJECTIVE FUNCTION EVALUATIONS: 4360

OBJECTIVE FUNCTION VALUE:
	F = 0.03220333243067205

EQUALITY CONSTRAINTS VALUES:

INEQUALITY CONSTRAINTS VALUES:
	G(0) = -999.1590922949481
	G(1) = -1003.389859721356
	G(2) = -995.7612846324786
	G(3) = -996.1314923532424
	G(4) = -1003.016744198117
	G(5) = -994.1996565893896

LAGRANGIAN MULTIPLIERS VALUES:
	L(0) = 0
	L(1) = 0
	L(2) = 0
	L(3) = 0
	L(4) = 0
	L(5) = 0

PENALTY FACTOR:
	rp(0) = 1
	rp(1) = 1
	rp(2) = 1
	rp(3) = 1
	rp(4) = 1
	rp(5) = 1

BEST POSITION:
	P(0) = 0.8409077050518927		P(1) = -3.389859721356082		P(2) = 4.238715367521423	
	P(3) = 3.868507646757603		P(4) = -3.016744198117126		P(5) = 5.800343410610405	

================================================================================

================================================================================

NUMBER OF ITERATIONS: 19

NUMBER OF OBJECTIVE FUNCTION EVALUATIONS: 4600

OBJECTIVE FUNCTION VALUE:
	F = 0.02629940094284204

EQUALITY CONSTRAINTS VALUES:

INEQUALITY CONSTRAINTS VALUES:
	G(0) = -999.165532250206
	G(1) = -1003.392103079269
	G(2) = -995.745932589278
	G(3) = -996.1666938028319
	G(4) = -1003.026252356374
	G(5) = -994.2110599573068

LAGRANGIAN MULTIPLIERS VALUES:
	L(0) = 0
	L(1) = 0
	L(2) = 0
	L(3) = 0
	L(4) = 0
	L(5) = 0

PENALTY FACTOR:
	rp(0) = 1
	rp(1) = 1
	rp(2) = 1
	rp(3) = 1
	rp(4) = 1
	rp(5) = 1

BEST POSITION:
	P(0) = 0.8344677497940931		P(1) = -3.392103079269128		P(2) = 4.25406741072196	
	P(3) = 3.833306197168112		P(4) = -3.026252356374151		P(5) = 5.78894004269313	

================================================================================

================================================================================

NUMBER OF ITERATIONS: 20

NUMBER OF OBJECTIVE FUNCTION EVALUATIONS: 4840

OBJECTIVE FUNCTION VALUE:
	F = 0.02334592232192999

EQUALITY CONSTRAINTS VALUES:

INEQUALITY CONSTRAINTS VALUES:
	G(0) = -999.1813545880914
	G(1) = -1003.37715821807
	G(2) = -995.7413180825197
	G(3) = -996.1950388939543
	G(4) = -1003.034984346299
	G(5) = -994.2168233002225

LAGRANGIAN MULTIPLIERS VALUES:
	L(0) = 0
	L(1) = 0
	L(2) = 0
	L(3) = 0
	L(4) = 0
	L(5) = 0

PENALTY FACTOR:
	rp(0) = 1
	rp(1) = 1
	rp(2) = 1
	rp(3) = 1
	rp(4) = 1
	rp(5) = 1

BEST POSITION:
	P(0) = 0.8186454119086016		P(1) = -3.377158218069798		P(2) = 4.25868191748031	
	P(3) = 3.804961106045707		P(4) = -3.034984346299059		P(5) = 5.783176699777566	

================================================================================

================================================================================

NUMBER OF ITERATIONS: 21

NUMBER OF OBJECTIVE FUNCTION EVALUATIONS: 5080

OBJECTIVE FUNCTION VALUE:
	F = 0.0191424026235757

EQUALITY CONSTRAINTS VALUES:

INEQUALITY CONSTRAINTS VALUES:
	G(0) = -999.1872758835839
	G(1) = -1003.368232296232
	G(2) = -995.7309913333869
	G(3) = -996.2076686076559
	G(4) = -1003.046046651726
	G(5) = -994.21997112458

LAGRANGIAN MULTIPLIERS VALUES:
	L(0) = 0
	L(1) = 0
	L(2) = 0
	L(3) = 0
	L(4) = 0
	L(5) = 0

PENALTY FACTOR:
	rp(0) = 1
	rp(1) = 1
	rp(2) = 1
	rp(3) = 1
	rp(4) = 1
	rp(5) = 1

BEST POSITION:
	P(0) = 0.8127241164161142		P(1) = -3.368232296232503		P(2) = 4.269008666613112	
	P(3) = 3.79233139234403		P(4) = -3.046046651725717		P(5) = 5.780028875420026	

================================================================================

================================================================================

NUMBER OF ITERATIONS: 22

NUMBER OF OBJECTIVE FUNCTION EVALUATIONS: 5320

OBJECTIVE FUNCTION VALUE:
	F = 0.01461334565855914

EQUALITY CONSTRAINTS VALUES:

INEQUALITY CONSTRAINTS VALUES:
	G(0) = -999.2012296687597
	G(1) = -1003.382812132594
	G(2) = -995.7352432659807
	G(3) = -996.2110068839819
	G(4) = -1003.055819948435
	G(5) = -994.2498402186262

LAGRANGIAN MULTIPLIERS VALUES:
	L(0) = 0
	L(1) = 0
	L(2) = 0
	L(3) = 0
	L(4) = 0
	L(5) = 0

PENALTY FACTOR:
	rp(0) = 1
	rp(1) = 1
	rp(2) = 1
	rp(3) = 1
	rp(4) = 1
	rp(5) = 1

BEST POSITION:
	P(0) = 0.7987703312403989		P(1) = -3.382812132593598		P(2) = 4.264756734019318	
	P(3) = 3.788993116018148		P(4) = -3.055819948435235		P(5) = 5.750159781373727	

================================================================================

================================================================================

NUMBER OF ITERATIONS: 23

NUMBER OF OBJECTIVE FUNCTION EVALUATIONS: 5560

OBJECTIVE FUNCTION VALUE:
	F = 0.008291729660149919

EQUALITY CONSTRAINTS VALUES:

INEQUALITY CONSTRAINTS VALUES:
	G(0) = -999.2429735230464
	G(1) = -1003.368164054871
	G(2) = -995.7477133455985
	G(3) = -996.2152091019534
	G(4) = -1003.101153810357
	G(5) = -994.2489375529442

LAGRANGIAN MULTIPLIERS VALUES:
	L(0) = 0
	L(1) = 0
	L(2) = 0
	L(3) = 0
	L(4) = 0
	L(5) = 0

PENALTY FACTOR:
	rp(0) = 1
	rp(1) = 1
	rp(2) = 1
	rp(3) = 1
	rp(4) = 1
	rp(5) = 1

BEST POSITION:
	P(0) = 0.75702647695361		P(1) = -3.368164054870598		P(2) = 4.252286654401468	
	P(3) = 3.784790898046638		P(4) = -3.101153810356847		P(5) = 5.751062447055856	

================================================================================
