# This file contains information about inputs as read by the program

 Population size = 100
 Number of generations = 150
 Number of objective functions = 1
 Number of constraints = 3
 Number of variables = 9
 Number of real variables = 9
 Lower limit of real variable 1 = -1.000000e+00
 Upper limit of real variable 1 = 1.000000e+00
 Lower limit of real variable 2 = -1.000000e+00
 Upper limit of real variable 2 = 1.000000e+00
 Lower limit of real variable 3 = -1.000000e+00
 Upper limit of real variable 3 = 1.000000e+00
 Lower limit of real variable 4 = -1.000000e+00
 Upper limit of real variable 4 = 1.000000e+00
 Lower limit of real variable 5 = -1.000000e+00
 Upper limit of real variable 5 = 1.000000e+00
 Lower limit of real variable 6 = -1.000000e+00
 Upper limit of real variable 6 = 1.000000e+00
 Lower limit of real variable 7 = -1.000000e+00
 Upper limit of real variable 7 = 1.000000e+00
 Lower limit of real variable 8 = -1.000000e+00
 Upper limit of real variable 8 = 1.000000e+00
 Lower limit of real variable 9 = -1.000000e+00
 Upper limit of real variable 9 = 1.000000e+00
 Probability of crossover of real variable = 6.000000e-01
 Probability of mutation of real variable = 2.000000e-01
 Distribution index for crossover = 1.000000e+01
 Distribution index for mutation = 2.000000e+01
 Number of binary variables = 0
 Seed for random number generator = 1.651406e+09
 Number of crossover of real variable = 0
 Number of mutation of real variable = 0