 ENTRY TO PSQP :
 NIT=   0  NFV=   1  NFG=   1  F=0.847989      C=0.0E+00  G=0.1E+61
 NIT=   1  NFV=   3  NFG=   2  F=0.657774      C=0.0E+00  G=0.9E+00
 NIT=   2  NFV=   4  NFG=   3  F=0.214448      C=0.0E+00  G=0.1E+01
 NIT=   3  NFV=   5  NFG=   4  F=0.110569      C=0.0E+00  G=0.8E+00
 NIT=   4  NFV=   7  NFG=   5  F=0.980926E-01  C=0.0E+00  G=0.6E+00
 NIT=   5  NFV=   8  NFG=   6  F=0.719405E-01  C=0.0E+00  G=0.5E+00
 NIT=   6  NFV=  10  NFG=   7  F=0.590962E-01  C=0.0E+00  G=0.3E+00
 NIT=   7  NFV=  12  NFG=   8  F=0.441330E-01  C=0.0E+00  G=0.8E+00
 NIT=   8  NFV=  13  NFG=   9  F=0.293071E-01  C=0.0E+00  G=0.8E+00
 NIT=   9  NFV=  14  NFG=  10  F=0.124591E-01  C=0.0E+00  G=0.6E+00
 NIT=  10  NFV=  17  NFG=  11  F=0.907683E-02  C=0.0E+00  G=0.4E+00
 NIT=  11  NFV=  19  NFG=  12  F=0.586588E-02  C=0.0E+00  G=0.5E+00
 NIT=  12  NFV=  21  NFG=  13  F=0.307795E-02  C=0.0E+00  G=0.7E+00
 NIT=  13  NFV=  24  NFG=  14  F=0.221315E-02  C=0.0E+00  G=0.3E+00
 NIT=  14  NFV=  26  NFG=  15  F=0.204875E-02  C=0.0E+00  G=0.6E+00
 NIT=  15  NFV=  28  NFG=  16  F=0.197354E-02  C=0.0E+00  G=0.5E+00
 NIT=  16  NFV=  30  NFG=  17  F=0.121908E-02  C=0.0E+00  G=0.8E+00
 NIT=  17  NFV=  33  NFG=  18  F=0.899608E-03  C=0.0E+00  G=0.4E+00
 NIT=  18  NFV=  36  NFG=  19  F=0.615918E-03  C=0.0E+00  G=0.6E+00
 NIT=  19  NFV=  39  NFG=  20  F=0.424710E-03  C=0.0E+00  G=0.8E+00
 NIT=  20  NFV=  41  NFG=  21  F=0.298928E-03  C=0.0E+00  G=0.8E+00
 NIT=  21  NFV=  42  NFG=  22  F=0.263526E-03  C=0.0E+00  G=0.3E+00
 NIT=  22  NFV=  43  NFG=  23  F=0.213748E-03  C=0.0E+00  G=0.9E+00
 NIT=  23  NFV=  45  NFG=  24  F=0.148149E-03  C=0.0E+00  G=0.8E+00
 NIT=  24  NFV=  47  NFG=  25  F=0.844126E-04  C=0.0E+00  G=0.8E+00
 NIT=  25  NFV=  49  NFG=  26  F=0.792076E-04  C=0.0E+00  G=0.7E+00
 NIT=  26  NFV=  52  NFG=  27  F=0.704337E-04  C=0.0E+00  G=0.7E+00
 NIT=  27  NFV=  54  NFG=  28  F=0.383129E-04  C=0.0E+00  G=0.1E+01
 NIT=  28  NFV=  56  NFG=  29  F=0.331162E-04  C=0.0E+00  G=0.8E+00
 NIT=  29  NFV=  58  NFG=  30  F=0.230665E-04  C=0.0E+00  G=0.7E+00
 NIT=  30  NFV=  60  NFG=  31  F=0.140063E-04  C=0.0E+00  G=0.9E+00
 NIT=  31  NFV=  63  NFG=  32  F=0.998670E-05  C=0.0E+00  G=0.9E+00
 NIT=  32  NFV=  65  NFG=  33  F=0.855283E-05  C=0.0E+00  G=0.6E+00
 NIT=  33  NFV=  67  NFG=  34  F=0.653556E-05  C=0.0E+00  G=0.1E+01
 NIT=  34  NFV=  68  NFG=  35  F=0.563639E-05  C=0.0E+00  G=0.1E+01
 NIT=  35  NFV=  69  NFG=  36  F=0.542647E-05  C=0.0E+00  G=0.9E+00
 NIT=  36  NFV=  71  NFG=  37  F=0.412807E-05  C=0.0E+00  G=0.5E+00
 NIT=  37  NFV=  73  NFG=  38  F=0.368485E-05  C=0.0E+00  G=0.6E+00
 NIT=  38  NFV=  75  NFG=  39  F=0.266147E-05  C=0.0E+00  G=0.7E+00
 NIT=  39  NFV=  76  NFG=  40  F=0.241532E-05  C=0.0E+00  G=0.5E+00
 NIT=  40  NFV=  77  NFG=  41  F=0.101994E-05  C=0.0E+00  G=0.5E+00
 NIT=  41  NFV=  83  NFG=  42  F=0.101959E-05  C=0.0E+00  G=0.6E+00
 NIT=  42  NFV=  85  NFG=  43  F=0.977357E-06  C=0.0E+00  G=0.6E+00
 EXIT FROM PSQP :
 NIT=  43  NFV= 124  NFG=  43  F=0.977357E-06  C=0.0E+00  G=0.5E+00  ITERM= -6
