



   ---------------------------------------------------------------------------
     START OF THE SEQUENTIAL LEAST SQUARES PROGRAMMING ALGORIT  
   ---------------------------------------------------------------------------

     PARAMETERS:
        ACC =   0.1000D-05
        MAXITER = 50
        IPRINT =   1
IOUT =   6




     ITER =    1     OBJ =  0.66724161E+00
      0.1230E+00
      0.2874E+00
      0.2873E+00
      0.2638E+00
     -0.2540E-01
     -0.3587E+00
     -0.5892E-01
     -0.3056E+00
     -0.1900E+00


     ITER =    2     OBJ =  0.52290066E+00
      0.1404E+00
      0.1703E+00
      0.1836E-01
      0.1001E+00
      0.2171E+00
     -0.6880E+00
     -0.1264E+00
     -0.1000E+01
     -0.1083E+00


     ITER =    3     OBJ =  0.30873546E+00
      0.1915E+00
      0.1191E+00
     -0.3857E-01
      0.5402E-01
      0.1155E+00
     -0.5867E+00
     -0.1901E+00
     -0.8525E+00
     -0.1545E+00


     ITER =    4     OBJ =  0.18084523E+00
      0.1406E+00
      0.1391E+00
     -0.1502E-01
      0.7982E-01
      0.9567E-01
     -0.5019E+00
     -0.1393E+00
     -0.6854E+00
     -0.1627E+00


     ITER =    5     OBJ =  0.16053110E+00
      0.1307E+00
      0.2004E+00
      0.2972E-01
      0.1368E+00
      0.4906E-01
     -0.4758E+00
     -0.1249E+00
     -0.5892E+00
     -0.2267E+00


     ITER =    6     OBJ =  0.92956614E-01
      0.8983E-01
      0.2227E+00
      0.1112E-01
      0.1438E+00
      0.8835E-01
     -0.4979E+00
     -0.9193E-01
     -0.6235E+00
     -0.2263E+00


     ITER =    7     OBJ =  0.56313216E-01
      0.8681E-01
      0.2352E+00
     -0.3477E-01
      0.1256E+00
      0.1034E+00
     -0.5264E+00
     -0.1022E+00
     -0.6929E+00
     -0.2349E+00


     ITER =    8     OBJ =  0.48062369E-01
      0.1014E+00
      0.2797E+00
     -0.5661E-01
      0.9260E-01
      0.7223E-01
     -0.4886E+00
     -0.1309E+00
     -0.6922E+00
     -0.2117E+00


     ITER =    9     OBJ =  0.29057062E-01
      0.8666E-01
      0.3357E+00
     -0.4459E-01
      0.9404E-01
      0.5876E-01
     -0.4717E+00
     -0.1324E+00
     -0.6882E+00
     -0.2028E+00


     ITER =   10     OBJ =  0.21333208E-01
      0.6452E-01
      0.3522E+00
     -0.5975E-01
      0.8959E-01
      0.5955E-01
     -0.4679E+00
     -0.1300E+00
     -0.6901E+00
     -0.2106E+00


     ITER =   11     OBJ =  0.14984540E-01
      0.5537E-01
      0.3578E+00
     -0.5457E-01
      0.7745E-01
      0.5538E-01
     -0.4653E+00
     -0.1432E+00
     -0.7056E+00
     -0.1967E+00


     ITER =   12     OBJ =  0.11916604E-01
      0.4481E-01
      0.3589E+00
     -0.6011E-01
      0.7447E-01
      0.5166E-01
     -0.4666E+00
     -0.1489E+00
     -0.7090E+00
     -0.2057E+00


     ITER =   13     OBJ =  0.82220818E-02
      0.2477E-01
      0.3569E+00
     -0.4883E-01
      0.6618E-01
      0.3996E-01
     -0.4617E+00
     -0.1658E+00
     -0.7100E+00
     -0.2049E+00


     ITER =   14     OBJ =  0.53675842E-02
      0.1999E-02
      0.3602E+00
     -0.3911E-01
      0.6016E-01
      0.2931E-01
     -0.4599E+00
     -0.1812E+00
     -0.7145E+00
     -0.2082E+00


     ITER =   15     OBJ =  0.27918764E-02
     -0.6007E-02
      0.3631E+00
     -0.3701E-01
      0.5893E-01
      0.2723E-01
     -0.4584E+00
     -0.1835E+00
     -0.7143E+00
     -0.2088E+00


     ITER =   16     OBJ =  0.22541237E-02
      0.2940E-02
      0.3635E+00
     -0.3873E-01
      0.6121E-01
      0.3122E-01
     -0.4590E+00
     -0.1779E+00
     -0.7137E+00
     -0.2054E+00


     ITER =   17     OBJ =  0.14291704E-02
      0.6861E-02
      0.3606E+00
     -0.4091E-01
      0.6303E-01
      0.3345E-01
     -0.4605E+00
     -0.1748E+00
     -0.7123E+00
     -0.2068E+00


     ITER =   18     OBJ =  0.11161088E-02
      0.7238E-02
      0.3633E+00
     -0.4224E-01
      0.6229E-01
      0.3294E-01
     -0.4595E+00
     -0.1749E+00
     -0.7127E+00
     -0.2063E+00


     ITER =   19     OBJ =  0.78937588E-03
      0.6310E-02
      0.3614E+00
     -0.4104E-01
      0.6206E-01
      0.3255E-01
     -0.4600E+00
     -0.1759E+00
     -0.7129E+00
     -0.2064E+00


     ITER =   20     OBJ =  0.64361059E-03
      0.7184E-02
      0.3613E+00
     -0.4138E-01
      0.6241E-01
      0.3278E-01
     -0.4601E+00
     -0.1754E+00
     -0.7127E+00
     -0.2066E+00


     ITER =   21     OBJ =  0.44984995E-03
      0.4763E-02
      0.3619E+00
     -0.4073E-01
      0.6164E-01
      0.3169E-01
     -0.4599E+00
     -0.1769E+00
     -0.7133E+00
     -0.2068E+00


     ITER =   22     OBJ =  0.35697807E-03
      0.4266E-02
      0.3620E+00
     -0.4026E-01
      0.6147E-01
      0.3132E-01
     -0.4597E+00
     -0.1772E+00
     -0.7132E+00
     -0.2066E+00


     ITER =   23     OBJ =  0.29197452E-03
      0.4275E-02
      0.3620E+00
     -0.4004E-01
      0.6137E-01
      0.3121E-01
     -0.4600E+00
     -0.1771E+00
     -0.7133E+00
     -0.2064E+00


     ITER =   24     OBJ =  0.20903787E-03
      0.4134E-02
      0.3619E+00
     -0.4014E-01
      0.6140E-01
      0.3112E-01
     -0.4602E+00
     -0.1768E+00
     -0.7131E+00
     -0.2065E+00


     ITER =   25     OBJ =  0.12127834E-03
      0.4478E-02
      0.3620E+00
     -0.4053E-01
      0.6154E-01
      0.3088E-01
     -0.4603E+00
     -0.1764E+00
     -0.7131E+00
     -0.2062E+00


     ITER =   26     OBJ =  0.96277194E-04
      0.4730E-02
      0.3616E+00
     -0.4061E-01
      0.6135E-01
      0.3050E-01
     -0.4610E+00
     -0.1759E+00
     -0.7129E+00
     -0.2060E+00


     ITER =   27     OBJ =  0.70770430E-04
      0.4606E-02
      0.3619E+00
     -0.4085E-01
      0.6101E-01
      0.2974E-01
     -0.4616E+00
     -0.1755E+00
     -0.7128E+00
     -0.2057E+00


     ITER =   28     OBJ =  0.53516038E-04
      0.4340E-02
      0.3618E+00
     -0.4085E-01
      0.6083E-01
      0.2907E-01
     -0.4620E+00
     -0.1752E+00
     -0.7128E+00
     -0.2055E+00


     ITER =   29     OBJ =  0.40976303E-04
      0.4207E-02
      0.3617E+00
     -0.4099E-01
      0.6043E-01
      0.2790E-01
     -0.4629E+00
     -0.1744E+00
     -0.7126E+00
     -0.2050E+00


     ITER =   30     OBJ =  0.39858126E-04
      0.4134E-02
      0.3617E+00
     -0.4102E-01
      0.6017E-01
      0.2750E-01
     -0.4633E+00
     -0.1742E+00
     -0.7125E+00
     -0.2049E+00


     ITER =   31     OBJ =  0.38983246E-04
      0.4066E-02
      0.3617E+00
     -0.4113E-01
      0.6005E-01
      0.2705E-01
     -0.4637E+00
     -0.1739E+00
     -0.7124E+00
     -0.2047E+00


     ITER =   32     OBJ =  0.35874062E-04
      0.3861E-02
      0.3616E+00
     -0.4145E-01
      0.5988E-01
      0.2576E-01
     -0.4647E+00
     -0.1732E+00
     -0.7123E+00
     -0.2041E+00


     ITER =   33     OBJ =  0.33845775E-04
      0.3640E-02
      0.3615E+00
     -0.4175E-01
      0.5985E-01
      0.2449E-01
     -0.4655E+00
     -0.1725E+00
     -0.7122E+00
     -0.2035E+00


     ITER =   34     OBJ =  0.33773972E-04
      0.3624E-02
      0.3614E+00
     -0.4178E-01
      0.5985E-01
      0.2440E-01
     -0.4656E+00
     -0.1724E+00
     -0.7122E+00
     -0.2035E+00


     ITER =   35     OBJ =  0.33688068E-04
      0.3580E-02
      0.3614E+00
     -0.4184E-01
      0.5986E-01
      0.2414E-01
     -0.4657E+00
     -0.1723E+00
     -0.7122E+00
     -0.2034E+00


     ITER =   36     OBJ =  0.33655434E-04
      0.3568E-02
      0.3614E+00
     -0.4186E-01
      0.5987E-01
      0.2407E-01
     -0.4658E+00
     -0.1722E+00
     -0.7122E+00
     -0.2033E+00


     ITER =   37     OBJ =  0.33588421E-04
      0.3538E-02
      0.3614E+00
     -0.4191E-01
      0.5989E-01
      0.2391E-01
     -0.4659E+00
     -0.1722E+00
     -0.7122E+00
     -0.2032E+00


     ITER =   38     OBJ =  0.33500671E-04
      0.3468E-02
      0.3613E+00
     -0.4202E-01
      0.5993E-01
      0.2351E-01
     -0.4661E+00
     -0.1720E+00
     -0.7122E+00
     -0.2031E+00


     ITER =   39     OBJ =  0.33467757E-04
      0.3452E-02
      0.3613E+00
     -0.4205E-01
      0.5994E-01
      0.2342E-01
     -0.4662E+00
     -0.1719E+00
     -0.7122E+00
     -0.2030E+00


     ITER =   40     OBJ =  0.33412349E-04
      0.3380E-02
      0.3613E+00
     -0.4216E-01
      0.5999E-01
      0.2301E-01
     -0.4664E+00
     -0.1717E+00
     -0.7122E+00
     -0.2028E+00


     ITER =   41     OBJ =  0.33395952E-04
      0.3364E-02
      0.3613E+00
     -0.4219E-01
      0.6000E-01
      0.2292E-01
     -0.4664E+00
     -0.1717E+00
     -0.7122E+00
     -0.2028E+00


     ITER =   42     OBJ =  0.33387617E-04
      0.3338E-02
      0.3612E+00
     -0.4223E-01
      0.6002E-01
      0.2278E-01
     -0.4665E+00
     -0.1716E+00
     -0.7122E+00
     -0.2027E+00


     ITER =   43     OBJ =  0.33379253E-04
      0.3322E-02
      0.3612E+00
     -0.4225E-01
      0.6003E-01
      0.2268E-01
     -0.4666E+00
     -0.1715E+00
     -0.7121E+00
     -0.2027E+00


     ITER =   44     OBJ =  0.33375468E-04
      0.3301E-02
      0.3612E+00
     -0.4229E-01
      0.6004E-01
      0.2256E-01
     -0.4666E+00
     -0.1715E+00
     -0.7121E+00
     -0.2026E+00


     ITER =   45     OBJ =  0.33372041E-04
      0.3282E-02
      0.3612E+00
     -0.4232E-01
      0.6006E-01
      0.2246E-01
     -0.4667E+00
     -0.1714E+00
     -0.7121E+00
     -0.2026E+00


     ITER =   46     OBJ =  0.33371473E-04
      0.3262E-02
      0.3612E+00
     -0.4235E-01
      0.6007E-01
      0.2235E-01
     -0.4668E+00
     -0.1714E+00
     -0.7121E+00
     -0.2025E+00


     ITER =   47     OBJ =  0.33371706E-04
      0.3243E-02
      0.3612E+00
     -0.4238E-01
      0.6008E-01
      0.2223E-01
     -0.4668E+00
     -0.1713E+00
     -0.7121E+00
     -0.2025E+00


     ITER =   48     OBJ =  0.33374550E-04
      0.3221E-02
      0.3612E+00
     -0.4242E-01
      0.6009E-01
      0.2211E-01
     -0.4669E+00
     -0.1712E+00
     -0.7121E+00
     -0.2024E+00


     ITER =   49     OBJ =  0.33377234E-04
      0.3201E-02
      0.3612E+00
     -0.4245E-01
      0.6010E-01
      0.2199E-01
     -0.4670E+00
     -0.1712E+00
     -0.7121E+00
     -0.2023E+00


     ITER =   50     OBJ =  0.33383440E-04
      0.3177E-02
      0.3611E+00
     -0.4249E-01
      0.6011E-01
      0.2185E-01
     -0.4671E+00
     -0.1711E+00
     -0.7121E+00
     -0.2023E+00
        NUMBER OF FUNC-CALLS:  NFUNC = 273
        NUMBER OF GRAD-CALLS:  NGRAD =  51
