 Iteration # ..... Function Value ..... Step Value ..... Gradient Norm
         1             0.92918            0.99250             1.77501
     X =    0.27529E+00  0.54317E+00  0.49328E+00  0.46713E+00 -0.46611E-02  0.39074E+00
         2             0.50713            0.66383             1.35057
     X =    0.35646E+00  0.22946E+00  0.16026E+00  0.16435E+00  0.16067E+00  0.71593E+00
         3             0.26179            0.33298             1.26128
     X =    0.88245E-01  0.22337E+00  0.13587E+00  0.14036E+00  0.24711E+00  0.54199E+00
         4             0.16242            0.24073             1.61898
     X =    0.68594E-01  0.24341E+00  0.12574E+00  0.13714E+00  0.48428E-01  0.40941E+00
         5             0.05500            0.13344             1.12717
     X =    0.26233E-01  0.33784E+00  0.14238E+00  0.17569E+00  0.71929E-02  0.46968E+00
         6             0.03130            0.08951             1.51374
     X =    0.90891E-02  0.37691E+00  0.95507E-01  0.17543E+00 -0.12468E-01  0.52974E+00
         7             0.01825            0.07060             1.35826
     X =   -0.13405E-01  0.40706E+00  0.39101E-01  0.18977E+00 -0.82135E-02  0.54256E+00
         8             0.00805            0.03350             0.54945
     X =    0.61797E-03  0.39928E+00  0.20329E-01  0.20727E+00 -0.72630E-02  0.52821E+00
         9             0.00576            0.02715             1.49056
     X =   -0.40511E-02  0.38319E+00  0.39847E-01  0.19950E+00 -0.10446E-01  0.53049E+00
        10             0.00444            0.01806             1.40396
     X =    0.49575E-02  0.38546E+00  0.46783E-01  0.19135E+00 -0.22398E-02  0.52287E+00
        11             0.00248            0.00834             1.04415
     X =    0.57729E-03  0.38806E+00  0.44357E-01  0.19440E+00 -0.74646E-02  0.52393E+00
        12             0.00204            0.00631             0.98786
     X =    0.58119E-03  0.38476E+00  0.43830E-01  0.19954E+00 -0.65556E-02  0.52510E+00
        13             0.00085            0.00579             1.23106
     X =   -0.27877E-03  0.38827E+00  0.43297E-01  0.19555E+00 -0.73797E-02  0.52698E+00
        14             0.00056            0.00151             0.86289
     X =    0.14789E-03  0.38871E+00  0.42808E-01  0.19497E+00 -0.64370E-02  0.52633E+00
        15             0.00038            0.00180             1.24506
     X =    0.99290E-03  0.38759E+00  0.43731E-01  0.19523E+00 -0.60846E-02  0.52586E+00
        16             0.00023            0.00116             0.63144
     X =    0.54340E-03  0.38722E+00  0.43470E-01  0.19614E+00 -0.62452E-02  0.52614E+00
        17             0.00015            0.00034             1.01100
     X =    0.53286E-03  0.38747E+00  0.43403E-01  0.19600E+00 -0.63780E-02  0.52602E+00
        18             0.00008            0.00044             0.79723
     X =    0.39000E-03  0.38766E+00  0.43428E-01  0.19571E+00 -0.64918E-02  0.52624E+00
        19             0.00008            0.00026             1.09257
     X =    0.49226E-03  0.38779E+00  0.43268E-01  0.19574E+00 -0.63953E-02  0.52619E+00
        20             0.00004            0.00022             1.17575
     X =    0.47925E-03  0.38767E+00  0.43427E-01  0.19565E+00 -0.63989E-02  0.52616E+00
        21             0.00003            0.00006             1.41313
     X =    0.48938E-03  0.38763E+00  0.43424E-01  0.19570E+00 -0.64106E-02  0.52615E+00
        22             0.00003            0.00008             0.34511
     X =    0.50832E-03  0.38762E+00  0.43486E-01  0.19567E+00 -0.63886E-02  0.52613E+00
        23             0.00001            0.00011             1.20476
     X =    0.49263E-03  0.38765E+00  0.43398E-01  0.19572E+00 -0.63959E-02  0.52614E+00
        24             0.00001            0.00002             1.23982
     X =    0.50878E-03  0.38765E+00  0.43393E-01  0.19573E+00 -0.63891E-02  0.52613E+00
        25             0.00000            0.00001             1.07634
     X =    0.50657E-03  0.38765E+00  0.43403E-01  0.19573E+00 -0.63905E-02  0.52613E+00
        26             0.00000            0.00001             1.75855
     X =    0.50719E-03  0.38765E+00  0.43410E-01  0.19572E+00 -0.63888E-02  0.52613E+00
        27             0.00000            0.00000             1.38293
     X =    0.50651E-03  0.38765E+00  0.43411E-01  0.19572E+00 -0.63895E-02  0.52613E+00
        28             0.00000            0.00000             0.86172
     X =    0.50594E-03  0.38765E+00  0.43410E-01  0.19572E+00 -0.63893E-02  0.52613E+00
        29             0.00000            0.00000             0.79496
     X =    0.50593E-03  0.38765E+00  0.43410E-01  0.19572E+00 -0.63896E-02  0.52613E+00
        30             0.00000            0.00000             0.88851
     X =    0.50522E-03  0.38765E+00  0.43408E-01  0.19572E+00 -0.63902E-02  0.52613E+00
        31             0.00000            0.00000             0.65190
     X =    0.50534E-03  0.38765E+00  0.43408E-01  0.19572E+00 -0.63902E-02  0.52613E+00
        32             0.00000            0.00000             0.55056
     X =    0.50524E-03  0.38765E+00  0.43408E-01  0.19572E+00 -0.63903E-02  0.52613E+00
        33             0.00000            0.00000             0.51656
     X =    0.50523E-03  0.38765E+00  0.43408E-01  0.19572E+00 -0.63903E-02  0.52613E+00
        34             0.00000            0.00000             0.49853
     X =    0.50522E-03  0.38765E+00  0.43408E-01  0.19572E+00 -0.63903E-02  0.52613E+00
        35             0.00000            0.00000             0.49043
     X =    0.50522E-03  0.38765E+00  0.43408E-01  0.19572E+00 -0.63903E-02  0.52613E+00
        36             0.00000            0.00000             0.48810
     X =    0.50521E-03  0.38765E+00  0.43408E-01  0.19572E+00 -0.63903E-02  0.52613E+00
        37             0.00000            0.00000             0.48591
     X =    0.50521E-03  0.38765E+00  0.43408E-01  0.19572E+00 -0.63904E-02  0.52613E+00
        38             0.00000            0.00000             0.48533
     X =    0.50521E-03  0.38765E+00  0.43408E-01  0.19572E+00 -0.63904E-02  0.52613E+00
        39             0.00000            0.00000             0.46267
     X =    0.50522E-03  0.38765E+00  0.43408E-01  0.19572E+00 -0.63903E-02  0.52613E+00
        40             0.00000            0.00000             0.46128
     X =    0.50522E-03  0.38765E+00  0.43408E-01  0.19572E+00 -0.63903E-02  0.52613E+00
        41             0.00000            0.00000             0.35245
     X =    0.50531E-03  0.38765E+00  0.43408E-01  0.19572E+00 -0.63903E-02  0.52613E+00
        42             0.00000            0.00000             0.34001
     X =    0.50529E-03  0.38765E+00  0.43408E-01  0.19572E+00 -0.63903E-02  0.52613E+00
        43             0.00000            0.00000             0.32532
     X =    0.50527E-03  0.38765E+00  0.43408E-01  0.19572E+00 -0.63904E-02  0.52613E+00
        44             0.00000            0.00000             0.29443
     X =    0.50524E-03  0.38765E+00  0.43408E-01  0.19572E+00 -0.63904E-02  0.52613E+00
        45             0.00000            0.00000             0.27909
     X =    0.50524E-03  0.38765E+00  0.43408E-01  0.19572E+00 -0.63904E-02  0.52613E+00
        46             0.00000            0.00000             0.27511
     X =    0.50523E-03  0.38765E+00  0.43408E-01  0.19572E+00 -0.63904E-02  0.52613E+00
        47             0.00000            0.00000             0.27152
     X =    0.50523E-03  0.38765E+00  0.43408E-01  0.19572E+00 -0.63904E-02  0.52613E+00
        48             0.00000            0.00000             0.27042
     X =    0.50523E-03  0.38765E+00  0.43408E-01  0.19572E+00 -0.63904E-02  0.52613E+00
        49             0.00000            0.00000             0.26896
     X =    0.50523E-03  0.38765E+00  0.43408E-01  0.19572E+00 -0.63904E-02  0.52613E+00
        50             0.00000            0.00000             0.26859
     X =    0.50522E-03  0.38765E+00  0.43408E-01  0.19572E+00 -0.63904E-02  0.52613E+00
        51             0.00000            0.00000             0.26847
     X =    0.50522E-03  0.38765E+00  0.43408E-01  0.19572E+00 -0.63904E-02  0.52613E+00
        52             0.00000            0.00000             0.26847
     X =    0.50522E-03  0.38765E+00  0.43408E-01  0.19572E+00 -0.63904E-02  0.52613E+00
        53             0.00000            0.00000             0.26843
     X =    0.50522E-03  0.38765E+00  0.43408E-01  0.19572E+00 -0.63904E-02  0.52613E+00
        54             0.00000            0.00000             0.26842
     X =    0.50522E-03  0.38765E+00  0.43408E-01  0.19572E+00 -0.63904E-02  0.52613E+00
        55             0.00000            0.00000             0.26841
     X =    0.50522E-03  0.38765E+00  0.43408E-01  0.19572E+00 -0.63904E-02  0.52613E+00
        56             0.00000            0.00000             0.26841
     X =    0.50522E-03  0.38765E+00  0.43408E-01  0.19572E+00 -0.63904E-02  0.52613E+00
        57             0.00000            0.00000             0.26841
     X =    0.50522E-03  0.38765E+00  0.43408E-01  0.19572E+00 -0.63904E-02  0.52613E+00
        58             0.00000            0.00000             0.26840
     X =    0.50522E-03  0.38765E+00  0.43408E-01  0.19572E+00 -0.63904E-02  0.52613E+00
        59             0.00000            0.00000             0.26840
     X =    0.50522E-03  0.38765E+00  0.43408E-01  0.19572E+00 -0.63904E-02  0.52613E+00
        60             0.00000            0.00000             0.26840
     X =    0.50522E-03  0.38765E+00  0.43408E-01  0.19572E+00 -0.63904E-02  0.52613E+00
        61             0.00000            0.00000             0.26840
     X =    0.50522E-03  0.38765E+00  0.43408E-01  0.19572E+00 -0.63904E-02  0.52613E+00
        62             0.00000            0.00000             0.26840
     X =    0.50522E-03  0.38765E+00  0.43408E-01  0.19572E+00 -0.63904E-02  0.52613E+00
        63             0.00000            0.00000             0.26840
     X =    0.50522E-03  0.38765E+00  0.43408E-01  0.19572E+00 -0.63904E-02  0.52613E+00
        64             0.00000            0.00000             0.26840
     X =    0.50522E-03  0.38765E+00  0.43408E-01  0.19572E+00 -0.63904E-02  0.52613E+00
        65             0.00000            0.00000             0.26840
     X =    0.50522E-03  0.38765E+00  0.43408E-01  0.19572E+00 -0.63904E-02  0.52613E+00
        66             0.00000            0.00000             0.26840
     X =    0.50522E-03  0.38765E+00  0.43408E-01  0.19572E+00 -0.63904E-02  0.52613E+00
        67             0.00000            0.00000             0.26840
     X =    0.50522E-03  0.38765E+00  0.43408E-01  0.19572E+00 -0.63904E-02  0.52613E+00
        68             0.00000            0.00000             0.26840
     X =    0.50522E-03  0.38765E+00  0.43408E-01  0.19572E+00 -0.63904E-02  0.52613E+00
        69             0.00000            0.00000             0.26840
     X =    0.50522E-03  0.38765E+00  0.43408E-01  0.19572E+00 -0.63904E-02  0.52613E+00
        70             0.00000            0.00000             0.26840
     X =    0.50522E-03  0.38765E+00  0.43408E-01  0.19572E+00 -0.63904E-02  0.52613E+00
        71             0.00000            0.00000             0.26840
     X =    0.50522E-03  0.38765E+00  0.43408E-01  0.19572E+00 -0.63904E-02  0.52613E+00
        72             0.00000            0.00000             0.26840
     X =    0.50522E-03  0.38765E+00  0.43408E-01  0.19572E+00 -0.63904E-02  0.52613E+00
        73             0.00000            0.00000             0.26840
     X =    0.50522E-03  0.38765E+00  0.43408E-01  0.19572E+00 -0.63904E-02  0.52613E+00
        74             0.00000            0.00000             0.26840
     X =    0.50522E-03  0.38765E+00  0.43408E-01  0.19572E+00 -0.63904E-02  0.52613E+00
        75             0.00000            0.00000             0.26840
     X =    0.50522E-03  0.38765E+00  0.43408E-01  0.19572E+00 -0.63904E-02  0.52613E+00
        76             0.00000            0.00000             0.26840
     X =    0.50522E-03  0.38765E+00  0.43408E-01  0.19572E+00 -0.63904E-02  0.52613E+00
        77             0.00000            0.00000             0.26840
     X =    0.50522E-03  0.38765E+00  0.43408E-01  0.19572E+00 -0.63904E-02  0.52613E+00
        78             0.00000            0.00000             0.26840
     X =    0.50522E-03  0.38765E+00  0.43408E-01  0.19572E+00 -0.63904E-02  0.52613E+00
        79             0.00000            0.00000             0.26840
     X =    0.50522E-03  0.38765E+00  0.43408E-01  0.19572E+00 -0.63904E-02  0.52613E+00
        80             0.00000            0.00000             0.26840
     X =    0.50522E-03  0.38765E+00  0.43408E-01  0.19572E+00 -0.63904E-02  0.52613E+00
        81             0.00000            0.00000             0.26840
     X =    0.50522E-03  0.38765E+00  0.43408E-01  0.19572E+00 -0.63904E-02  0.52613E+00
        82             0.00000            0.00000             0.26840
     X =    0.50522E-03  0.38765E+00  0.43408E-01  0.19572E+00 -0.63904E-02  0.52613E+00
 SolvOpt warning:
 Normal re-setting of a transformation matrix.
 Iteration # ..... Function Value ..... Step Value ..... Gradient Norm
 SolvOpt: Termination warning:
 Stopping criteria are not fulfilled. The function is very steep at the solution.
