Determining if the pthread_create exist failed with the following output:
Change Dir: /home/yera/ur5_ambf/ur5_ws/build/dvrk_arms_from_ros/CMakeFiles/CMakeTmp

Run Build Command:"/usr/bin/make" "cmTC_c0c31/fast"
/usr/bin/make -f CMakeFiles/cmTC_c0c31.dir/build.make CMakeFiles/cmTC_c0c31.dir/build
make[1]: Entering directory '/home/yera/ur5_ambf/ur5_ws/build/dvrk_arms_from_ros/CMakeFiles/CMakeTmp'
Building C object CMakeFiles/cmTC_c0c31.dir/CheckSymbolExists.c.o
/usr/bin/cc    -o CMakeFiles/cmTC_c0c31.dir/CheckSymbolExists.c.o   -c /home/yera/ur5_ambf/ur5_ws/build/dvrk_arms_from_ros/CMakeFiles/CMakeTmp/CheckSymbolExists.c
Linking C executable cmTC_c0c31
/usr/bin/cmake -E cmake_link_script CMakeFiles/cmTC_c0c31.dir/link.txt --verbose=1
/usr/bin/cc      -rdynamic CMakeFiles/cmTC_c0c31.dir/CheckSymbolExists.c.o  -o cmTC_c0c31 
CMakeFiles/cmTC_c0c31.dir/CheckSymbolExists.c.o: In function `main':
CheckSymbolExists.c:(.text+0x1b): undefined reference to `pthread_create'
collect2: error: ld returned 1 exit status
CMakeFiles/cmTC_c0c31.dir/build.make:97: recipe for target 'cmTC_c0c31' failed
make[1]: *** [cmTC_c0c31] Error 1
make[1]: Leaving directory '/home/yera/ur5_ambf/ur5_ws/build/dvrk_arms_from_ros/CMakeFiles/CMakeTmp'
Makefile:126: recipe for target 'cmTC_c0c31/fast' failed
make: *** [cmTC_c0c31/fast] Error 2

File /home/yera/ur5_ambf/ur5_ws/build/dvrk_arms_from_ros/CMakeFiles/CMakeTmp/CheckSymbolExists.c:
/* */
#include <pthread.h>

int main(int argc, char** argv)
{
  (void)argv;
#ifndef pthread_create
  return ((int*)(&pthread_create))[argc];
#else
  (void)argc;
  return 0;
#endif
}

Determining if the function pthread_create exists in the pthreads failed with the following output:
Change Dir: /home/yera/ur5_ambf/ur5_ws/build/dvrk_arms_from_ros/CMakeFiles/CMakeTmp

Run Build Command:"/usr/bin/make" "cmTC_00534/fast"
/usr/bin/make -f CMakeFiles/cmTC_00534.dir/build.make CMakeFiles/cmTC_00534.dir/build
make[1]: Entering directory '/home/yera/ur5_ambf/ur5_ws/build/dvrk_arms_from_ros/CMakeFiles/CMakeTmp'
Building C object CMakeFiles/cmTC_00534.dir/CheckFunctionExists.c.o
/usr/bin/cc   -DCHECK_FUNCTION_EXISTS=pthread_create   -o CMakeFiles/cmTC_00534.dir/CheckFunctionExists.c.o   -c /usr/share/cmake-3.10/Modules/CheckFunctionExists.c
Linking C executable cmTC_00534
/usr/bin/cmake -E cmake_link_script CMakeFiles/cmTC_00534.dir/link.txt --verbose=1
/usr/bin/cc  -DCHECK_FUNCTION_EXISTS=pthread_create    -rdynamic CMakeFiles/cmTC_00534.dir/CheckFunctionExists.c.o  -o cmTC_00534 -lpthreads 
/usr/bin/ld: cannot find -lpthreads
collect2: error: ld returned 1 exit status
CMakeFiles/cmTC_00534.dir/build.make:97: recipe for target 'cmTC_00534' failed
make[1]: *** [cmTC_00534] Error 1
make[1]: Leaving directory '/home/yera/ur5_ambf/ur5_ws/build/dvrk_arms_from_ros/CMakeFiles/CMakeTmp'
Makefile:126: recipe for target 'cmTC_00534/fast' failed
make: *** [cmTC_00534/fast] Error 2


