Determining if the pthread_create exist failed with the following output:
Change Dir: /home/yera/ur5_ambf_git/ur5_ws/build/ur_description/CMakeFiles/CMakeTmp

Run Build Command:"/usr/bin/make" "cmTC_938f9/fast"
/usr/bin/make -f CMakeFiles/cmTC_938f9.dir/build.make CMakeFiles/cmTC_938f9.dir/build
make[1]: Entering directory '/home/yera/ur5_ambf_git/ur5_ws/build/ur_description/CMakeFiles/CMakeTmp'
Building C object CMakeFiles/cmTC_938f9.dir/CheckSymbolExists.c.o
/usr/bin/cc    -o CMakeFiles/cmTC_938f9.dir/CheckSymbolExists.c.o   -c /home/yera/ur5_ambf_git/ur5_ws/build/ur_description/CMakeFiles/CMakeTmp/CheckSymbolExists.c
Linking C executable cmTC_938f9
/usr/bin/cmake -E cmake_link_script CMakeFiles/cmTC_938f9.dir/link.txt --verbose=1
/usr/bin/cc      -rdynamic CMakeFiles/cmTC_938f9.dir/CheckSymbolExists.c.o  -o cmTC_938f9 
CMakeFiles/cmTC_938f9.dir/CheckSymbolExists.c.o: In function `main':
CheckSymbolExists.c:(.text+0x1b): undefined reference to `pthread_create'
collect2: error: ld returned 1 exit status
CMakeFiles/cmTC_938f9.dir/build.make:97: recipe for target 'cmTC_938f9' failed
make[1]: *** [cmTC_938f9] Error 1
make[1]: Leaving directory '/home/yera/ur5_ambf_git/ur5_ws/build/ur_description/CMakeFiles/CMakeTmp'
Makefile:126: recipe for target 'cmTC_938f9/fast' failed
make: *** [cmTC_938f9/fast] Error 2

File /home/yera/ur5_ambf_git/ur5_ws/build/ur_description/CMakeFiles/CMakeTmp/CheckSymbolExists.c:
/* */
#include <pthread.h>

int main(int argc, char** argv)
{
  (void)argv;
#ifndef pthread_create
  return ((int*)(&pthread_create))[argc];
#else
  (void)argc;
  return 0;
#endif
}

Determining if the function pthread_create exists in the pthreads failed with the following output:
Change Dir: /home/yera/ur5_ambf_git/ur5_ws/build/ur_description/CMakeFiles/CMakeTmp

Run Build Command:"/usr/bin/make" "cmTC_3cd12/fast"
/usr/bin/make -f CMakeFiles/cmTC_3cd12.dir/build.make CMakeFiles/cmTC_3cd12.dir/build
make[1]: Entering directory '/home/yera/ur5_ambf_git/ur5_ws/build/ur_description/CMakeFiles/CMakeTmp'
Building C object CMakeFiles/cmTC_3cd12.dir/CheckFunctionExists.c.o
/usr/bin/cc   -DCHECK_FUNCTION_EXISTS=pthread_create   -o CMakeFiles/cmTC_3cd12.dir/CheckFunctionExists.c.o   -c /usr/share/cmake-3.10/Modules/CheckFunctionExists.c
Linking C executable cmTC_3cd12
/usr/bin/cmake -E cmake_link_script CMakeFiles/cmTC_3cd12.dir/link.txt --verbose=1
/usr/bin/cc  -DCHECK_FUNCTION_EXISTS=pthread_create    -rdynamic CMakeFiles/cmTC_3cd12.dir/CheckFunctionExists.c.o  -o cmTC_3cd12 -lpthreads 
/usr/bin/ld: cannot find -lpthreads
collect2: error: ld returned 1 exit status
CMakeFiles/cmTC_3cd12.dir/build.make:97: recipe for target 'cmTC_3cd12' failed
make[1]: *** [cmTC_3cd12] Error 1
make[1]: Leaving directory '/home/yera/ur5_ambf_git/ur5_ws/build/ur_description/CMakeFiles/CMakeTmp'
Makefile:126: recipe for target 'cmTC_3cd12/fast' failed
make: *** [cmTC_3cd12/fast] Error 2


